== Info:   Trying 127.0.0.1:8081...
== Info: TCP_NODELAY set
== Info: Connected to erp.com (127.0.0.1) port 8081 (#0)
=> Send header, 88 bytes (0x58)
0000: POST /user/signup HTTP/1.1
001c: Host: erp.com:8081
0030: User-Agent: curl/7.68.0
0049: Accept: */*
0056: 
== Info: Mark bundle as not supporting multiuse
<= Recv header, 17 bytes (0x11)
0000: HTTP/1.1 200 OK
<= Recv header, 20 bytes (0x14)
0000: content-length: 52
<= Recv header, 32 bytes (0x20)
0000: content-type: application/json
<= Recv header, 59 bytes (0x3b)
0000: access-control-allow-headers: Content-Type, Authorization
<= Recv header, 32 bytes (0x20)
0000: access-control-allow-origin: *
<= Recv header, 45 bytes (0x2d)
0000: access-control-allow-methods: POST, OPTIONS
<= Recv header, 37 bytes (0x25)
0000: date: Sun, 03 Apr 2022 11:54:34 GMT
<= Recv header, 2 bytes (0x2)
0000: 
<= Recv data, 52 bytes (0x34)
0000: {"status":"success","message":"success","data":null}
== Info: Connection #0 to host erp.com left intact
